2022.02.23 17:39:33 INFO  tracing is disabled for protocol LSP, to enable tracing of incoming and outgoing JSON messages create an empty file at /Users/apple/Desktop/Biitcoin/bitcoinwallet/.metals/lsp.trace.json or /Users/apple/Library/Caches/org.scalameta.metals/lsp.trace.json
2022.02.23 17:39:38 INFO  logging to file /Users/apple/Desktop/Biitcoin/bitcoinwallet/.metals/metals.log
2022.02.23 17:39:38 INFO  Started: Metals version 0.11.1 in workspace '/Users/apple/Desktop/Biitcoin/bitcoinwallet' for client Visual Studio Code 1.62.3.
2022.02.23 17:39:38 INFO  Parse release: 1.8.0_221
2022.02.23 17:39:48 INFO  time: initialize in 9.74s
2022.02.23 17:39:58 WARN  Build server is not auto-connectable.
2022.02.23 17:39:58 WARN  no build tool detected in workspace '/Users/apple/Desktop/Biitcoin/bitcoinwallet'. The most common cause for this problem is that the editor was opened in the wrong working directory, for example if you use sbt then the workspace directory should contain build.sbt. 
2022.03.05 23:31:08 INFO  tracing is disabled for protocol LSP, to enable tracing of incoming and outgoing JSON messages create an empty file at /Users/apple/Desktop/Biitcoin/bitcoinwallet/.metals/lsp.trace.json or /Users/apple/Library/Caches/org.scalameta.metals/lsp.trace.json
2022.03.05 23:31:18 INFO  logging to file /Users/apple/Desktop/Biitcoin/bitcoinwallet/.metals/metals.log
2022.03.05 23:31:18 INFO  Started: Metals version 0.11.1 in workspace '/Users/apple/Desktop/Biitcoin/bitcoinwallet' for client Visual Studio Code 1.62.3.
2022.03.05 23:31:18 INFO  Parse release: 1.8.0_221
2022.03.05 23:31:32 INFO  time: initialize in 14s
2022.03.06 01:02:43 WARN  Build server is not auto-connectable.
2022.03.06 01:02:43 WARN  no build tool detected in workspace '/Users/apple/Desktop/Biitcoin/bitcoinwallet'. The most common cause for this problem is that the editor was opened in the wrong working directory, for example if you use sbt then the workspace directory should contain build.sbt. 
2022.03.07 11:27:00 INFO  tracing is disabled for protocol LSP, to enable tracing of incoming and outgoing JSON messages create an empty file at /Users/apple/Desktop/Biitcoin/bitcoinwallet/.metals/lsp.trace.json or /Users/apple/Library/Caches/org.scalameta.metals/lsp.trace.json
2022.03.07 11:27:02 INFO  logging to file /Users/apple/Desktop/Biitcoin/bitcoinwallet/.metals/metals.log
2022.03.07 11:27:02 INFO  Started: Metals version 0.11.1 in workspace '/Users/apple/Desktop/Biitcoin/bitcoinwallet' for client Visual Studio Code 1.62.3.
2022.03.07 11:27:02 INFO  Parse release: 1.8.0_221
2022.03.07 11:27:04 INFO  time: initialize in 2.53s
2022.03.07 11:27:09 WARN  Build server is not auto-connectable.
2022.03.07 11:27:09 WARN  no build tool detected in workspace '/Users/apple/Desktop/Biitcoin/bitcoinwallet'. The most common cause for this problem is that the editor was opened in the wrong working directory, for example if you use sbt then the workspace directory should contain build.sbt. 
2022.03.07 11:27:09 INFO  shutting down Metals
